<?xml version="1.0" encoding="UTF-8"?>
<!-- Generated by org.testng.reporters.JUnitReportReporter -->
<testsuite hostname="DESKTOP-9VMNN2G" failures="0" tests="1" name="tests.SpiceJetTest" time="17.876" errors="0" timestamp="2021-01-16T14:31:08 IST" skipped="0">
  <testcase classname="tests.SpiceJetTest" name="testdata" time="17.876"/>
  <system-out/>
</testsuite> <!-- tests.SpiceJetTest -->
