<?xml version="1.0" encoding="UTF-8"?>
<!-- Generated by org.testng.reporters.JUnitReportReporter -->
<testsuite hostname="DESKTOP-9VMNN2G" failures="0" tests="1" name="tests.TestCode" time="39.984" errors="0" timestamp="2021-01-16T13:57:10 IST" skipped="0">
  <testcase classname="tests.TestCode" name="testdemo" time="39.984"/>
  <system-out/>
</testsuite> <!-- tests.TestCode -->
