<?xml version="1.0" encoding="UTF-8"?>
<!-- Generated by org.testng.reporters.JUnitReportReporter -->
<testsuite hostname="DESKTOP-9VMNN2G" failures="0" tests="1" name="tests.ExcelTest" time="0.010" errors="0" timestamp="2021-01-16T02:38:29 IST" skipped="0">
  <testcase classname="tests.ExcelTest" name="assd" time="0.010"/>
  <system-out/>
</testsuite> <!-- tests.ExcelTest -->
