<?xml version="1.0" encoding="UTF-8"?>
<!-- Generated by org.testng.reporters.JUnitReportReporter -->
<testsuite hostname="DESKTOP-9VMNN2G" failures="0" tests="1" name="tests.SpiceJetTest" time="14.123" errors="0" timestamp="2021-01-23T13:36:26 IST" skipped="0">
  <testcase classname="tests.SpiceJetTest" name="testdata" time="14.123"/>
  <system-out/>
</testsuite> <!-- tests.SpiceJetTest -->
