<?xml version="1.0" encoding="UTF-8"?>
<!-- Generated by org.testng.reporters.JUnitReportReporter -->
<testsuite hostname="DESKTOP-9VMNN2G" failures="0" tests="2" name="TestNG.testng2" time="0.005" errors="0" timestamp="2021-01-20T02:23:14 IST" skipped="0">
  <testcase classname="TestNG.testng2" name="t4" time="0.004"/>
  <system-out/>
  <testcase classname="TestNG.testng2" name="t3" time="0.001"/>
  <system-out/>
</testsuite> <!-- TestNG.testng2 -->
