<?xml version="1.0" encoding="UTF-8"?>
<!-- Generated by org.testng.reporters.JUnitReportReporter -->
<testsuite hostname="DESKTOP-9VMNN2G" failures="0" tests="1" name="TestNG.PropertiesTest" time="0.010" errors="0" timestamp="2021-01-06T22:51:41 IST" skipped="0">
  <testcase classname="TestNG.PropertiesTest" name="demo" time="0.010"/>
  <system-out/>
</testsuite> <!-- TestNG.PropertiesTest -->
