<?xml version="1.0" encoding="UTF-8"?>
<!-- Generated by org.testng.reporters.JUnitReportReporter -->
<testsuite hostname="DESKTOP-9VMNN2G" failures="0" tests="4" name="DataDemo" time="0.028" errors="0" timestamp="2021-01-07T00:19:58 IST" skipped="0">
  <testcase classname="DataDemo" name="test" time="0.005"/>
  <system-out/>
  <testcase classname="DataDemo" name="test" time="0.006"/>
  <system-out/>
  <testcase classname="DataDemo" name="test" time="0.013"/>
  <system-out/>
  <testcase classname="DataDemo" name="test" time="0.004"/>
  <system-out/>
</testsuite> <!-- DataDemo -->
