<?xml version="1.0" encoding="UTF-8"?>
<!-- Generated by org.testng.reporters.JUnitReportReporter -->
<testsuite hostname="DESKTOP-9VMNN2G" failures="0" tests="5" name="TestNG.DataProviderTest" time="0.019" errors="0" timestamp="2021-01-07T15:53:52 IST" skipped="0">
  <testcase classname="TestNG.DataProviderTest" name="demo" time="0.003"/>
  <system-out/>
  <testcase classname="TestNG.DataProviderTest" name="demo" time="0.002"/>
  <system-out/>
  <testcase classname="TestNG.DataProviderTest" name="demo" time="0.010"/>
  <system-out/>
  <testcase classname="TestNG.DataProviderTest" name="demo" time="0.002"/>
  <system-out/>
  <testcase classname="TestNG.DataProviderTest" name="demo" time="0.002"/>
  <system-out/>
</testsuite> <!-- TestNG.DataProviderTest -->
