<?xml version="1.0" encoding="UTF-8"?>
<!-- Generated by org.testng.reporters.JUnitReportReporter -->
<testsuite hostname="DESKTOP-9VMNN2G" failures="0" tests="1" name="DDF.TestNGParameters" time="27.542" errors="0" timestamp="2021-01-20T00:59:31 IST" skipped="0">
  <testcase classname="DDF.TestNGParameters" name="test" time="27.542"/>
  <system-out/>
</testsuite> <!-- DDF.TestNGParameters -->
