<?xml version="1.0" encoding="UTF-8"?>
<!-- Generated by org.testng.reporters.JUnitReportReporter -->
<testsuite hostname="DESKTOP-9VMNN2G" failures="0" tests="2" name="DDF.testng4" time="0.006" errors="0" timestamp="2021-01-20T02:23:14 IST" skipped="0">
  <testcase classname="DDF.testng4" name="t8" time="0.003"/>
  <system-out/>
  <testcase classname="DDF.testng4" name="t7" time="0.003"/>
  <system-out/>
</testsuite> <!-- DDF.testng4 -->
