<?xml version="1.0" encoding="UTF-8"?>
<!-- Generated by org.testng.reporters.JUnitReportReporter -->
<testsuite hostname="DESKTOP-9VMNN2G" failures="0" tests="1" name="Test.Verify" time="0.018" errors="0" timestamp="22 Dec 2020 10:17:31 GMT" skipped="0">
  <testcase classname="Test.Verify" name="fileinput" time="0.018"/>
</testsuite> <!-- Test.Verify -->
