<?xml version="1.0" encoding="UTF-8"?>
<!-- Generated by org.testng.reporters.JUnitReportReporter -->
<testsuite hostname="DESKTOP-9VMNN2G" failures="0" tests="1" name="Test.WebdrivermanagerDemo" time="7.687" errors="0" timestamp="24 Dec 2020 09:55:50 GMT" skipped="0">
  <testcase classname="Test.WebdrivermanagerDemo" name="test" time="7.687"/>
</testsuite> <!-- Test.WebdrivermanagerDemo -->
