<?xml version="1.0" encoding="UTF-8"?>
<!-- Generated by org.testng.reporters.JUnitReportReporter -->
<testsuite hostname="DESKTOP-9VMNN2G" failures="0" tests="1" name="Test.ReddifTest" time="7.228" errors="0" timestamp="26 Dec 2020 09:35:19 GMT" skipped="0">
  <testcase classname="Test.ReddifTest" name="readTable" time="7.228"/>
</testsuite> <!-- Test.ReddifTest -->
