<?xml version="1.0" encoding="UTF-8"?>
<!-- Generated by org.testng.reporters.JUnitReportReporter -->
<testsuite hostname="DESKTOP-9VMNN2G" failures="0" tests="3" name="Test.Amazon" time="8.285" errors="0" timestamp="06 Jan 2021 15:32:37 GMT" skipped="0">
  <testcase classname="Test.Amazon" name="test" time="8.243"/>
  <testcase classname="Test.Amazon" name="verifyurl" time="0.024"/>
  <testcase classname="Test.Amazon" name="veriftitle" time="0.018"/>
</testsuite> <!-- Test.Amazon -->
