<?xml version="1.0" encoding="UTF-8"?>
<!-- Generated by org.testng.reporters.JUnitReportReporter -->
<testsuite hostname="DESKTOP-9VMNN2G" failures="0" tests="7" name="Test.ExcelDemo" time="84.346" errors="0" timestamp="12 Jan 2021 19:56:57 GMT" skipped="0">
  <testcase classname="Test.ExcelDemo" name="login" time="11.277"/>
  <testcase classname="Test.ExcelDemo" name="login" time="12.124"/>
  <testcase classname="Test.ExcelDemo" name="login" time="13.972"/>
  <testcase classname="Test.ExcelDemo" name="login" time="11.829"/>
  <testcase classname="Test.ExcelDemo" name="login" time="12.048"/>
  <testcase classname="Test.ExcelDemo" name="login" time="12.245"/>
  <testcase classname="Test.ExcelDemo" name="login" time="10.851"/>
</testsuite> <!-- Test.ExcelDemo -->
