<?xml version="1.0" encoding="UTF-8"?>
<!-- Generated by org.testng.reporters.JUnitReportReporter -->
<testsuite hostname="DESKTOP-9VMNN2G" failures="0" tests="1" name="Test.ReddifMoney" time="43.691" errors="0" timestamp="01 Jan 2021 17:22:20 GMT" skipped="0">
  <testcase classname="Test.ReddifMoney" name="readTable" time="43.691"/>
</testsuite> <!-- Test.ReddifMoney -->
