<?xml version="1.0" encoding="UTF-8"?>
<!-- Generated by org.testng.reporters.JUnitReportReporter -->
<testsuite hostname="DESKTOP-9VMNN2G" failures="0" tests="1" name="Test.Textbox" time="31.857" errors="0" timestamp="14 Dec 2020 17:52:43 GMT" skipped="0">
  <testcase classname="Test.Textbox" name="dragndrop" time="31.857"/>
</testsuite> <!-- Test.Textbox -->
