<?xml version="1.0" encoding="UTF-8"?>
<!-- Generated by org.testng.reporters.JUnitReportReporter -->
<testsuite hostname="DESKTOP-9VMNN2G" failures="0" tests="3" name="Test.AutomationDemoWebtable" time="94.905" errors="0" timestamp="01 Jan 2021 06:28:27 GMT" skipped="0">
  <testcase classname="Test.AutomationDemoWebtable" name="readTable" time="37.247"/>
  <testcase classname="Test.AutomationDemoWebtable" name="readTable" time="40.882"/>
  <testcase classname="Test.AutomationDemoWebtable" name="readTable" time="16.776"/>
</testsuite> <!-- Test.AutomationDemoWebtable -->
