<?xml version="1.0" encoding="UTF-8"?>
<!-- Generated by org.testng.reporters.JUnitReportReporter -->
<testsuite hostname="DESKTOP-9VMNN2G" failures="0" tests="3" name="Test.ParametersDemo" time="38.885" errors="0" timestamp="25 Dec 2020 09:02:56 GMT" skipped="0">
  <testcase classname="Test.ParametersDemo" name="openbrowser" time="8.241"/>
  <testcase classname="Test.ParametersDemo" name="openbrowser" time="14.273"/>
  <testcase classname="Test.ParametersDemo" name="openbrowser" time="16.371"/>
</testsuite> <!-- Test.ParametersDemo -->
