<?xml version="1.0" encoding="UTF-8"?>
<!-- Generated by org.testng.reporters.JUnitReportReporter -->
<testsuite hostname="DESKTOP-9VMNN2G" failures="0" tests="1" name="Test.Google" time="36.033" errors="0" timestamp="14 Dec 2020 17:19:48 GMT" skipped="0">
  <testcase classname="Test.Google" name="google" time="36.033"/>
</testsuite> <!-- Test.Google -->
