<?xml version="1.0" encoding="UTF-8"?>
<!-- Generated by org.testng.reporters.JUnitReportReporter -->
<testsuite hostname="DESKTOP-9VMNN2G" failures="0" tests="3" name="Test.DataProviderDemo" time="23.247" errors="0" timestamp="24 Dec 2020 07:14:24 GMT" skipped="0">
  <testcase classname="Test.DataProviderDemo" name="OpenBrowser" time="8.369"/>
  <testcase classname="Test.DataProviderDemo" name="OpenBrowser" time="7.124"/>
  <testcase classname="Test.DataProviderDemo" name="OpenBrowser" time="7.754"/>
</testsuite> <!-- Test.DataProviderDemo -->
