<?xml version="1.0" encoding="UTF-8"?>
<!-- Generated by org.testng.reporters.JUnitReportReporter -->
<testsuite hostname="DESKTOP-9VMNN2G" failures="0" tests="1" name="DemoAutomation" time="14.808" errors="0" timestamp="18 Jan 2021 16:56:46 GMT" skipped="0">
  <testcase classname="DemoAutomation" name="test" time="14.808"/>
</testsuite> <!-- DemoAutomation -->
