<?xml version="1.0" encoding="UTF-8"?>
<!-- Generated by org.testng.reporters.JUnitReportReporter -->
<testsuite hostname="DESKTOP-9VMNN2G" failures="0" tests="1" name="Test.utilcheck" time="0.015" errors="0" timestamp="22 Dec 2020 10:23:36 GMT" skipped="0">
  <testcase classname="Test.utilcheck" name="fileinput" time="0.015"/>
</testsuite> <!-- Test.utilcheck -->
