<?xml version="1.0" encoding="UTF-8"?>
<!-- Generated by org.testng.reporters.JUnitReportReporter -->
<testsuite hostname="DESKTOP-9VMNN2G" failures="0" tests="5" name="TestNG.DataProviderTest" time="0.003" errors="0" timestamp="2021-01-06T22:53:28 IST" skipped="0">
  <testcase classname="TestNG.DataProviderTest" name="demo" time="0.001"/>
  <system-out/>
  <testcase classname="TestNG.DataProviderTest" name="demo" time="0.000"/>
  <system-out/>
  <testcase classname="TestNG.DataProviderTest" name="demo" time="0.001"/>
  <system-out/>
  <testcase classname="TestNG.DataProviderTest" name="demo" time="0.001"/>
  <system-out/>
  <testcase classname="TestNG.DataProviderTest" name="demo" time="0.000"/>
  <system-out/>
</testsuite> <!-- TestNG.DataProviderTest -->
