<?xml version="1.0" encoding="UTF-8"?>
<!-- Generated by org.testng.reporters.JUnitReportReporter -->
<testsuite hostname="DESKTOP-9VMNN2G" failures="0" tests="1" name="TestCases.TestCase" time="7.903" errors="0" timestamp="2021-01-14T23:24:07 IST" skipped="0">
  <testcase classname="TestCases.TestCase" name="fbloginpage" time="7.903"/>
  <system-out/>
</testsuite> <!-- TestCases.TestCase -->
