<?xml version="1.0" encoding="UTF-8"?>
<!-- Generated by org.testng.reporters.JUnitReportReporter -->
<testsuite hostname="DESKTOP-9VMNN2G" failures="0" tests="1" name="TestCases.TestCaseFactory" time="10.010" errors="0" timestamp="2021-01-14T23:41:31 IST" skipped="0">
  <testcase classname="TestCases.TestCaseFactory" name="fbloginpage" time="10.010"/>
  <system-out/>
</testsuite> <!-- TestCases.TestCaseFactory -->
