<?xml version="1.0" encoding="UTF-8"?>
<!-- Generated by org.testng.reporters.JUnitReportReporter -->
<testsuite hostname="DESKTOP-9VMNN2G" failures="0" tests="1" name="DemoTests.DemoReg" time="0.017" errors="0" timestamp="2021-01-18T22:48:26 IST" skipped="0">
  <testcase classname="DemoTests.DemoReg" name="validateurl" time="0.017"/>
  <system-out/>
</testsuite> <!-- DemoTests.DemoReg -->
