<?xml version="1.0" encoding="UTF-8"?>
<!-- Generated by org.testng.reporters.JUnitReportReporter -->
<testsuite hostname="DESKTOP-9VMNN2G" failures="0" tests="2" name="DemoTests.ValidateUT" time="0.041" errors="0" timestamp="2021-01-19T00:20:23 IST" skipped="0">
  <testcase classname="DemoTests.ValidateUT" name="validateurl" time="0.009"/>
  <system-out/>
  <testcase classname="DemoTests.ValidateUT" name="validatetitle" time="0.032"/>
  <system-out/>
</testsuite> <!-- DemoTests.ValidateUT -->
